
========================[ May 15, 2016  3:24 PM ]========================

========================[ May 15, 2016  3:24 PM ]========================
Version 2.2.26 [Sep-21-2011]
Started database file "/home/linproject/Workspace/New/workspace/out/KU955593.fasta"
Version 2.2.26 [Sep-21-2011]
Started database file "/home/linproject/Workspace/New/workspace/out/JN860885.fasta"
Formatted 1 sequences in volume 0
Formatted 1 sequences in volume 0
SUCCESS: formatted database /home/linproject/Workspace/New/workspace/out/JN860885.fasta
SUCCESS: formatted database /home/linproject/Workspace/New/workspace/out/KU955593.fasta

========================[ May 15, 2016  3:24 PM ]========================
Version 2.2.26 [Sep-21-2011]
Started database file "/home/linproject/Workspace/New/workspace/out/KJ776791.fasta"
Formatted 1 sequences in volume 0
SUCCESS: formatted database /home/linproject/Workspace/New/workspace/out/KJ776791.fasta

========================[ May 15, 2016  3:24 PM ]========================
Version 2.2.26 [Sep-21-2011]
Started database file "/home/linproject/Workspace/New/workspace/out/KU955593.fasta"
Formatted 1 sequences in volume 0
SUCCESS: formatted database /home/linproject/Workspace/New/workspace/out/KU955593.fasta

========================[ May 15, 2016  3:24 PM ]========================

========================[ May 15, 2016  3:24 PM ]========================
Version 2.2.26 [Sep-21-2011]
Started database file "/home/linproject/Workspace/New/workspace/out/KU681081.fasta"
Version 2.2.26 [Sep-21-2011]
Started database file "/home/linproject/Workspace/New/workspace/out/KU955593.fasta"
Formatted 1 sequences in volume 0
SUCCESS: formatted database /home/linproject/Workspace/New/workspace/out/KU681081.fasta
Formatted 1 sequences in volume 0
SUCCESS: formatted database /home/linproject/Workspace/New/workspace/out/KU955593.fasta

========================[ May 15, 2016  3:24 PM ]========================
Version 2.2.26 [Sep-21-2011]
Started database file "/home/linproject/Workspace/New/workspace/out/KU509998.fasta"
Formatted 1 sequences in volume 0
SUCCESS: formatted database /home/linproject/Workspace/New/workspace/out/KU509998.fasta

========================[ May 15, 2016  3:24 PM ]========================
Version 2.2.26 [Sep-21-2011]
Started database file "/home/linproject/Workspace/New/workspace/out/KU955593.fasta"
Formatted 1 sequences in volume 0
SUCCESS: formatted database /home/linproject/Workspace/New/workspace/out/KU955593.fasta

========================[ May 15, 2016  3:24 PM ]========================
Version 2.2.26 [Sep-21-2011]
Started database file "/home/linproject/Workspace/New/workspace/out/KX117076.fasta"
Formatted 1 sequences in volume 0
SUCCESS: formatted database /home/linproject/Workspace/New/workspace/out/KX117076.fasta

========================[ May 15, 2016  3:24 PM ]========================
Version 2.2.26 [Sep-21-2011]
Started database file "/home/linproject/Workspace/New/workspace/out/KU955593.fasta"
Formatted 1 sequences in volume 0
SUCCESS: formatted database /home/linproject/Workspace/New/workspace/out/KU955593.fasta

========================[ May 15, 2016  3:24 PM ]========================
Version 2.2.26 [Sep-21-2011]
Started database file "/home/linproject/Workspace/New/workspace/out/KU955593.fasta"
Formatted 1 sequences in volume 0
SUCCESS: formatted database /home/linproject/Workspace/New/workspace/out/KU955593.fasta

========================[ May 15, 2016  3:24 PM ]========================
Version 2.2.26 [Sep-21-2011]
Started database file "/home/linproject/Workspace/New/workspace/out/KU820899.fasta"
Formatted 1 sequences in volume 0
SUCCESS: formatted database /home/linproject/Workspace/New/workspace/out/KU820899.fasta

========================[ May 15, 2016  3:24 PM ]========================
Version 2.2.26 [Sep-21-2011]
Started database file "/home/linproject/Workspace/New/workspace/out/KU955593.fasta"
Formatted 1 sequences in volume 0

========================[ May 15, 2016  3:24 PM ]========================
SUCCESS: formatted database /home/linproject/Workspace/New/workspace/out/KU955593.fasta
Version 2.2.26 [Sep-21-2011]
Started database file "/home/linproject/Workspace/New/workspace/out/KU729218.fasta"
Formatted 1 sequences in volume 0
SUCCESS: formatted database /home/linproject/Workspace/New/workspace/out/KU729218.fasta

========================[ May 15, 2016  3:24 PM ]========================
Version 2.2.26 [Sep-21-2011]
Started database file "/home/linproject/Workspace/New/workspace/out/KU955593.fasta"
Formatted 1 sequences in volume 0
SUCCESS: formatted database /home/linproject/Workspace/New/workspace/out/KU955593.fasta

========================[ May 15, 2016  3:24 PM ]========================
Version 2.2.26 [Sep-21-2011]
Started database file "/home/linproject/Workspace/New/workspace/out/KU497555.fasta"
Formatted 1 sequences in volume 0
SUCCESS: formatted database /home/linproject/Workspace/New/workspace/out/KU497555.fasta

========================[ May 15, 2016  3:24 PM ]========================
Version 2.2.26 [Sep-21-2011]
Started database file "/home/linproject/Workspace/New/workspace/out/KU955593.fasta"

========================[ May 15, 2016  3:24 PM ]========================
Formatted 1 sequences in volume 0
Version 2.2.26 [Sep-21-2011]
Started database file "/home/linproject/Workspace/New/workspace/out/KU527068.fasta"
SUCCESS: formatted database /home/linproject/Workspace/New/workspace/out/KU955593.fasta
Formatted 1 sequences in volume 0
SUCCESS: formatted database /home/linproject/Workspace/New/workspace/out/KU527068.fasta

========================[ May 15, 2016  3:24 PM ]========================
Version 2.2.26 [Sep-21-2011]
Started database file "/home/linproject/Workspace/New/workspace/out/KU955593.fasta"

========================[ May 15, 2016  3:24 PM ]========================
Version 2.2.26 [Sep-21-2011]
Started database file "/home/linproject/Workspace/New/workspace/out/KU321639.fasta"
Formatted 1 sequences in volume 0
SUCCESS: formatted database /home/linproject/Workspace/New/workspace/out/KU955593.fasta
Formatted 1 sequences in volume 0
SUCCESS: formatted database /home/linproject/Workspace/New/workspace/out/KU321639.fasta

========================[ May 15, 2016  3:24 PM ]========================
Version 2.2.26 [Sep-21-2011]
Started database file "/home/linproject/Workspace/New/workspace/out/KU866423.fasta"

========================[ May 15, 2016  3:24 PM ]========================
Version 2.2.26 [Sep-21-2011]
Started database file "/home/linproject/Workspace/New/workspace/out/KU955593.fasta"
Formatted 1 sequences in volume 0
SUCCESS: formatted database /home/linproject/Workspace/New/workspace/out/KU866423.fasta
Formatted 1 sequences in volume 0
SUCCESS: formatted database /home/linproject/Workspace/New/workspace/out/KU955593.fasta

========================[ May 15, 2016  3:24 PM ]========================
Version 2.2.26 [Sep-21-2011]
Started database file "/home/linproject/Workspace/New/workspace/out/KU955593.fasta"
Formatted 1 sequences in volume 0
SUCCESS: formatted database /home/linproject/Workspace/New/workspace/out/KU955593.fasta

========================[ May 15, 2016  3:24 PM ]========================
Version 2.2.26 [Sep-21-2011]
Started database file "/home/linproject/Workspace/New/workspace/out/KU365779.fasta"
Formatted 1 sequences in volume 0
SUCCESS: formatted database /home/linproject/Workspace/New/workspace/out/KU365779.fasta

========================[ May 15, 2016  3:24 PM ]========================
Version 2.2.26 [Sep-21-2011]
Started database file "/home/linproject/Workspace/New/workspace/out/KU365780.fasta"
Formatted 1 sequences in volume 0
SUCCESS: formatted database /home/linproject/Workspace/New/workspace/out/KU365780.fasta

========================[ May 15, 2016  3:24 PM ]========================
Version 2.2.26 [Sep-21-2011]
Started database file "/home/linproject/Workspace/New/workspace/out/KU955593.fasta"
Formatted 1 sequences in volume 0
SUCCESS: formatted database /home/linproject/Workspace/New/workspace/out/KU955593.fasta

========================[ May 15, 2016  3:24 PM ]========================
Version 2.2.26 [Sep-21-2011]
Started database file "/home/linproject/Workspace/New/workspace/out/KU870645.fasta"
Formatted 1 sequences in volume 0
SUCCESS: formatted database /home/linproject/Workspace/New/workspace/out/KU870645.fasta

========================[ May 15, 2016  3:24 PM ]========================
Version 2.2.26 [Sep-21-2011]
Started database file "/home/linproject/Workspace/New/workspace/out/KU955593.fasta"
Formatted 1 sequences in volume 0
SUCCESS: formatted database /home/linproject/Workspace/New/workspace/out/KU955593.fasta

========================[ May 15, 2016  3:24 PM ]========================
Version 2.2.26 [Sep-21-2011]
Started database file "/home/linproject/Workspace/New/workspace/out/KU955593.fasta"
Formatted 1 sequences in volume 0
SUCCESS: formatted database /home/linproject/Workspace/New/workspace/out/KU955593.fasta

========================[ May 15, 2016  3:24 PM ]========================
Version 2.2.26 [Sep-21-2011]
Started database file "/home/linproject/Workspace/New/workspace/out/KU707826.fasta"
Formatted 1 sequences in volume 0
SUCCESS: formatted database /home/linproject/Workspace/New/workspace/out/KU707826.fasta

========================[ May 15, 2016  3:24 PM ]========================
Version 2.2.26 [Sep-21-2011]
Started database file "/home/linproject/Workspace/New/workspace/out/KU647676.fasta"
Formatted 1 sequences in volume 0
SUCCESS: formatted database /home/linproject/Workspace/New/workspace/out/KU647676.fasta

========================[ May 15, 2016  3:24 PM ]========================
Version 2.2.26 [Sep-21-2011]
Started database file "/home/linproject/Workspace/New/workspace/out/KU955593.fasta"
Formatted 1 sequences in volume 0
SUCCESS: formatted database /home/linproject/Workspace/New/workspace/out/KU955593.fasta

========================[ May 15, 2016  3:24 PM ]========================

========================[ May 15, 2016  3:24 PM ]========================
Version 2.2.26 [Sep-21-2011]
Started database file "/home/linproject/Workspace/New/workspace/out/KU955589.fasta"
Version 2.2.26 [Sep-21-2011]
Started database file "/home/linproject/Workspace/New/workspace/out/KU955593.fasta"
Formatted 1 sequences in volume 0
Formatted 1 sequences in volume 0
SUCCESS: formatted database /home/linproject/Workspace/New/workspace/out/KU955589.fasta
SUCCESS: formatted database /home/linproject/Workspace/New/workspace/out/KU955593.fasta

========================[ May 15, 2016  3:24 PM ]========================

========================[ May 15, 2016  3:24 PM ]========================
Version 2.2.26 [Sep-21-2011]
Started database file "/home/linproject/Workspace/New/workspace/out/KU940228.fasta"
Version 2.2.26 [Sep-21-2011]
Started database file "/home/linproject/Workspace/New/workspace/out/KU955593.fasta"
Formatted 1 sequences in volume 0
SUCCESS: formatted database /home/linproject/Workspace/New/workspace/out/KU940228.fasta
Formatted 1 sequences in volume 0
SUCCESS: formatted database /home/linproject/Workspace/New/workspace/out/KU955593.fasta

========================[ May 15, 2016  3:24 PM ]========================

========================[ May 15, 2016  3:24 PM ]========================
Version 2.2.26 [Sep-21-2011]
Started database file "/home/linproject/Workspace/New/workspace/out/KU955593.fasta"
Version 2.2.26 [Sep-21-2011]
Started database file "/home/linproject/Workspace/New/workspace/out/KU365777.fasta"
Formatted 1 sequences in volume 0
Formatted 1 sequences in volume 0
SUCCESS: formatted database /home/linproject/Workspace/New/workspace/out/KU955593.fasta
SUCCESS: formatted database /home/linproject/Workspace/New/workspace/out/KU365777.fasta

========================[ May 15, 2016  3:24 PM ]========================
Version 2.2.26 [Sep-21-2011]
Started database file "/home/linproject/Workspace/New/workspace/out/KU955593.fasta"
Formatted 1 sequences in volume 0
SUCCESS: formatted database /home/linproject/Workspace/New/workspace/out/KU955593.fasta

========================[ May 15, 2016  3:24 PM ]========================
Version 2.2.26 [Sep-21-2011]
Started database file "/home/linproject/Workspace/New/workspace/out/KU501215.fasta"
Formatted 1 sequences in volume 0
SUCCESS: formatted database /home/linproject/Workspace/New/workspace/out/KU501215.fasta

========================[ May 15, 2016  3:24 PM ]========================

========================[ May 15, 2016  3:24 PM ]========================
Version 2.2.26 [Sep-21-2011]
Started database file "/home/linproject/Workspace/New/workspace/out/KU955593.fasta"
Version 2.2.26 [Sep-21-2011]
Started database file "/home/linproject/Workspace/New/workspace/out/KU729217.fasta"
Formatted 1 sequences in volume 0
Formatted 1 sequences in volume 0
SUCCESS: formatted database /home/linproject/Workspace/New/workspace/out/KU955593.fasta
SUCCESS: formatted database /home/linproject/Workspace/New/workspace/out/KU729217.fasta

========================[ May 15, 2016  3:24 PM ]========================
Version 2.2.26 [Sep-21-2011]
Started database file "/home/linproject/Workspace/New/workspace/out/KU365778.fasta"

========================[ May 15, 2016  3:24 PM ]========================
Version 2.2.26 [Sep-21-2011]
Started database file "/home/linproject/Workspace/New/workspace/out/KU955593.fasta"
Formatted 1 sequences in volume 0
SUCCESS: formatted database /home/linproject/Workspace/New/workspace/out/KU365778.fasta
Formatted 1 sequences in volume 0
SUCCESS: formatted database /home/linproject/Workspace/New/workspace/out/KU955593.fasta

========================[ May 15, 2016  3:24 PM ]========================
Version 2.2.26 [Sep-21-2011]
Started database file "/home/linproject/Workspace/New/workspace/out/KU922960.fasta"

========================[ May 15, 2016  3:24 PM ]========================
Formatted 1 sequences in volume 0
SUCCESS: formatted database /home/linproject/Workspace/New/workspace/out/KU922960.fasta
Version 2.2.26 [Sep-21-2011]
Started database file "/home/linproject/Workspace/New/workspace/out/KU955593.fasta"
Formatted 1 sequences in volume 0
SUCCESS: formatted database /home/linproject/Workspace/New/workspace/out/KU955593.fasta

========================[ May 15, 2016  3:24 PM ]========================
Version 2.2.26 [Sep-21-2011]
Started database file "/home/linproject/Workspace/New/workspace/out/KU922923.fasta"
Formatted 1 sequences in volume 0
SUCCESS: formatted database /home/linproject/Workspace/New/workspace/out/KU922923.fasta

========================[ May 15, 2016  3:24 PM ]========================
Version 2.2.26 [Sep-21-2011]
Started database file "/home/linproject/Workspace/New/workspace/out/KU955593.fasta"
Formatted 1 sequences in volume 0
SUCCESS: formatted database /home/linproject/Workspace/New/workspace/out/KU955593.fasta

========================[ May 15, 2016  3:24 PM ]========================

========================[ May 15, 2016  3:24 PM ]========================
Version 2.2.26 [Sep-21-2011]
Started database file "/home/linproject/Workspace/New/workspace/out/KU955593.fasta"
Version 2.2.26 [Sep-21-2011]
Started database file "/home/linproject/Workspace/New/workspace/out/KU820897.fasta"
Formatted 1 sequences in volume 0
Formatted 1 sequences in volume 0
SUCCESS: formatted database /home/linproject/Workspace/New/workspace/out/KU955593.fasta
SUCCESS: formatted database /home/linproject/Workspace/New/workspace/out/KU820897.fasta

========================[ May 15, 2016  3:24 PM ]========================

========================[ May 15, 2016  3:24 PM ]========================
Version 2.2.26 [Sep-21-2011]
Started database file "/home/linproject/Workspace/New/workspace/out/KU853012.fasta"
Version 2.2.26 [Sep-21-2011]
Started database file "/home/linproject/Workspace/New/workspace/out/KU955593.fasta"
Formatted 1 sequences in volume 0
Formatted 1 sequences in volume 0
SUCCESS: formatted database /home/linproject/Workspace/New/workspace/out/KU853012.fasta
SUCCESS: formatted database /home/linproject/Workspace/New/workspace/out/KU955593.fasta

========================[ May 15, 2016  3:24 PM ]========================
Version 2.2.26 [Sep-21-2011]
Started database file "/home/linproject/Workspace/New/workspace/out/KU853013.fasta"
Formatted 1 sequences in volume 0
SUCCESS: formatted database /home/linproject/Workspace/New/workspace/out/KU853013.fasta

========================[ May 15, 2016  3:24 PM ]========================
Version 2.2.26 [Sep-21-2011]
Started database file "/home/linproject/Workspace/New/workspace/out/KU955593.fasta"
Formatted 1 sequences in volume 0
SUCCESS: formatted database /home/linproject/Workspace/New/workspace/out/KU955593.fasta

========================[ May 15, 2016  3:24 PM ]========================
Version 2.2.26 [Sep-21-2011]
Started database file "/home/linproject/Workspace/New/workspace/out/EU545988.fasta"
Formatted 1 sequences in volume 0
SUCCESS: formatted database /home/linproject/Workspace/New/workspace/out/EU545988.fasta

========================[ May 15, 2016  3:24 PM ]========================
Version 2.2.26 [Sep-21-2011]
Started database file "/home/linproject/Workspace/New/workspace/out/KU955593.fasta"
Formatted 1 sequences in volume 0
SUCCESS: formatted database /home/linproject/Workspace/New/workspace/out/KU955593.fasta

========================[ May 15, 2016  3:24 PM ]========================
Version 2.2.26 [Sep-21-2011]
Started database file "/home/linproject/Workspace/New/workspace/out/KU955590.fasta"
Formatted 1 sequences in volume 0
SUCCESS: formatted database /home/linproject/Workspace/New/workspace/out/KU955590.fasta

========================[ May 15, 2016  3:24 PM ]========================
Version 2.2.26 [Sep-21-2011]
Started database file "/home/linproject/Workspace/New/workspace/out/KU955593.fasta"
Formatted 1 sequences in volume 0
SUCCESS: formatted database /home/linproject/Workspace/New/workspace/out/KU955593.fasta

========================[ May 15, 2016  3:24 PM ]========================

========================[ May 15, 2016  3:24 PM ]========================
Version 2.2.26 [Sep-21-2011]
Started database file "/home/linproject/Workspace/New/workspace/out/KU501217.fasta"
Version 2.2.26 [Sep-21-2011]
Started database file "/home/linproject/Workspace/New/workspace/out/KU955593.fasta"
Formatted 1 sequences in volume 0
Formatted 1 sequences in volume 0
SUCCESS: formatted database /home/linproject/Workspace/New/workspace/out/KU501217.fasta
SUCCESS: formatted database /home/linproject/Workspace/New/workspace/out/KU955593.fasta

========================[ May 15, 2016  3:24 PM ]========================

========================[ May 15, 2016  3:24 PM ]========================
Version 2.2.26 [Sep-21-2011]
Started database file "/home/linproject/Workspace/New/workspace/out/KU955593.fasta"
Version 2.2.26 [Sep-21-2011]
Started database file "/home/linproject/Workspace/New/workspace/out/KU501216.fasta"
Formatted 1 sequences in volume 0
Formatted 1 sequences in volume 0
SUCCESS: formatted database /home/linproject/Workspace/New/workspace/out/KU955593.fasta
SUCCESS: formatted database /home/linproject/Workspace/New/workspace/out/KU501216.fasta

========================[ May 15, 2016  3:24 PM ]========================
Version 2.2.26 [Sep-21-2011]
Started database file "/home/linproject/Workspace/New/workspace/out/KU312312.fasta"
Formatted 1 sequences in volume 0
SUCCESS: formatted database /home/linproject/Workspace/New/workspace/out/KU312312.fasta

========================[ May 15, 2016  3:24 PM ]========================
Version 2.2.26 [Sep-21-2011]
Started database file "/home/linproject/Workspace/New/workspace/out/KU955593.fasta"
Formatted 1 sequences in volume 0
SUCCESS: formatted database /home/linproject/Workspace/New/workspace/out/KU955593.fasta

========================[ May 15, 2016  3:24 PM ]========================

========================[ May 15, 2016  3:24 PM ]========================
Version 2.2.26 [Sep-21-2011]
Started database file "/home/linproject/Workspace/New/workspace/out/KU955593.fasta"
Version 2.2.26 [Sep-21-2011]
Started database file "/home/linproject/Workspace/New/workspace/out/KU740184.fasta"
Formatted 1 sequences in volume 0
SUCCESS: formatted database /home/linproject/Workspace/New/workspace/out/KU955593.fasta
Formatted 1 sequences in volume 0
SUCCESS: formatted database /home/linproject/Workspace/New/workspace/out/KU740184.fasta

========================[ May 15, 2016  3:24 PM ]========================
Version 2.2.26 [Sep-21-2011]
Started database file "/home/linproject/Workspace/New/workspace/out/KU955593.fasta"

========================[ May 15, 2016  3:24 PM ]========================
Version 2.2.26 [Sep-21-2011]
Started database file "/home/linproject/Workspace/New/workspace/out/KU681082.fasta"
Formatted 1 sequences in volume 0
SUCCESS: formatted database /home/linproject/Workspace/New/workspace/out/KU955593.fasta
Formatted 1 sequences in volume 0
SUCCESS: formatted database /home/linproject/Workspace/New/workspace/out/KU681082.fasta

========================[ May 15, 2016  3:24 PM ]========================
Version 2.2.26 [Sep-21-2011]
Started database file "/home/linproject/Workspace/New/workspace/out/KU955593.fasta"
Formatted 1 sequences in volume 0
SUCCESS: formatted database /home/linproject/Workspace/New/workspace/out/KU955593.fasta

========================[ May 15, 2016  3:24 PM ]========================
Version 2.2.26 [Sep-21-2011]
Started database file "/home/linproject/Workspace/New/workspace/out/KU761564.fasta"
Formatted 1 sequences in volume 0
SUCCESS: formatted database /home/linproject/Workspace/New/workspace/out/KU761564.fasta

========================[ May 15, 2016  3:24 PM ]========================
Version 2.2.26 [Sep-21-2011]
Started database file "/home/linproject/Workspace/New/workspace/out/KU744693.fasta"

========================[ May 15, 2016  3:24 PM ]========================
Version 2.2.26 [Sep-21-2011]
Started database file "/home/linproject/Workspace/New/workspace/out/KU955593.fasta"
Formatted 1 sequences in volume 0
SUCCESS: formatted database /home/linproject/Workspace/New/workspace/out/KU744693.fasta
Formatted 1 sequences in volume 0
SUCCESS: formatted database /home/linproject/Workspace/New/workspace/out/KU955593.fasta

========================[ May 15, 2016  3:24 PM ]========================
Version 2.2.26 [Sep-21-2011]
Started database file "/home/linproject/Workspace/New/workspace/out/KU955593.fasta"
Formatted 1 sequences in volume 0
SUCCESS: formatted database /home/linproject/Workspace/New/workspace/out/KU955593.fasta

========================[ May 15, 2016  3:24 PM ]========================
Version 2.2.26 [Sep-21-2011]
Started database file "/home/linproject/Workspace/New/workspace/out/KU820898.fasta"
Formatted 1 sequences in volume 0
SUCCESS: formatted database /home/linproject/Workspace/New/workspace/out/KU820898.fasta

========================[ May 15, 2016  3:35 PM ]========================
Version 2.2.26 [Sep-21-2011]
Started database file "/home/linproject/Workspace/New/workspace/out/KU955590.fasta"
Formatted 1 sequences in volume 0
SUCCESS: formatted database /home/linproject/Workspace/New/workspace/out/KU955590.fasta

========================[ May 15, 2016  3:35 PM ]========================
Version 2.2.26 [Sep-21-2011]
Started database file "/home/linproject/Workspace/New/workspace/out/KX056898.fasta"
Formatted 1 sequences in volume 0
SUCCESS: formatted database /home/linproject/Workspace/New/workspace/out/KX056898.fasta

========================[ May 15, 2016  3:35 PM ]========================

========================[ May 15, 2016  3:35 PM ]========================
Version 2.2.26 [Sep-21-2011]
Started database file "/home/linproject/Workspace/New/workspace/out/KX056898.fasta"
Version 2.2.26 [Sep-21-2011]
Started database file "/home/linproject/Workspace/New/workspace/out/KU820898.fasta"
Formatted 1 sequences in volume 0
SUCCESS: formatted database /home/linproject/Workspace/New/workspace/out/KX056898.fasta
Formatted 1 sequences in volume 0
SUCCESS: formatted database /home/linproject/Workspace/New/workspace/out/KU820898.fasta

========================[ May 15, 2016  3:35 PM ]========================
Version 2.2.26 [Sep-21-2011]
Started database file "/home/linproject/Workspace/New/workspace/out/KX056898.fasta"

========================[ May 15, 2016  3:35 PM ]========================
Version 2.2.26 [Sep-21-2011]
Started database file "/home/linproject/Workspace/New/workspace/out/KU761564.fasta"
Formatted 1 sequences in volume 0
SUCCESS: formatted database /home/linproject/Workspace/New/workspace/out/KX056898.fasta
Formatted 1 sequences in volume 0
SUCCESS: formatted database /home/linproject/Workspace/New/workspace/out/KU761564.fasta

========================[ May 15, 2016  3:35 PM ]========================
Version 2.2.26 [Sep-21-2011]
Started database file "/home/linproject/Workspace/New/workspace/out/KX056898.fasta"

========================[ May 15, 2016  3:35 PM ]========================
Formatted 1 sequences in volume 0
Version 2.2.26 [Sep-21-2011]
Started database file "/home/linproject/Workspace/New/workspace/out/KU740184.fasta"
SUCCESS: formatted database /home/linproject/Workspace/New/workspace/out/KX056898.fasta
Formatted 1 sequences in volume 0
SUCCESS: formatted database /home/linproject/Workspace/New/workspace/out/KU740184.fasta

========================[ May 15, 2016  3:35 PM ]========================
Version 2.2.26 [Sep-21-2011]
Started database file "/home/linproject/Workspace/New/workspace/out/KX056898.fasta"
Formatted 1 sequences in volume 0
SUCCESS: formatted database /home/linproject/Workspace/New/workspace/out/KX056898.fasta

========================[ May 15, 2016  3:35 PM ]========================
Version 2.2.26 [Sep-21-2011]
Started database file "/home/linproject/Workspace/New/workspace/out/KU312312.fasta"
Formatted 1 sequences in volume 0
SUCCESS: formatted database /home/linproject/Workspace/New/workspace/out/KU312312.fasta

========================[ May 15, 2016  3:35 PM ]========================
Version 2.2.26 [Sep-21-2011]
Started database file "/home/linproject/Workspace/New/workspace/out/KX056898.fasta"

========================[ May 15, 2016  3:35 PM ]========================
Formatted 1 sequences in volume 0
SUCCESS: formatted database /home/linproject/Workspace/New/workspace/out/KX056898.fasta
Version 2.2.26 [Sep-21-2011]
Started database file "/home/linproject/Workspace/New/workspace/out/KU707826.fasta"
Formatted 1 sequences in volume 0
SUCCESS: formatted database /home/linproject/Workspace/New/workspace/out/KU707826.fasta

========================[ May 15, 2016  3:35 PM ]========================

========================[ May 15, 2016  3:35 PM ]========================
Version 2.2.26 [Sep-21-2011]
Started database file "/home/linproject/Workspace/New/workspace/out/KU501217.fasta"
Version 2.2.26 [Sep-21-2011]
Started database file "/home/linproject/Workspace/New/workspace/out/KX056898.fasta"
Formatted 1 sequences in volume 0
SUCCESS: formatted database /home/linproject/Workspace/New/workspace/out/KU501217.fasta
Formatted 1 sequences in volume 0
SUCCESS: formatted database /home/linproject/Workspace/New/workspace/out/KX056898.fasta

========================[ May 15, 2016  3:35 PM ]========================

========================[ May 15, 2016  3:35 PM ]========================
Version 2.2.26 [Sep-21-2011]
Started database file "/home/linproject/Workspace/New/workspace/out/KX056898.fasta"
Version 2.2.26 [Sep-21-2011]
Started database file "/home/linproject/Workspace/New/workspace/out/KU365779.fasta"
Formatted 1 sequences in volume 0
Formatted 1 sequences in volume 0
SUCCESS: formatted database /home/linproject/Workspace/New/workspace/out/KX056898.fasta
SUCCESS: formatted database /home/linproject/Workspace/New/workspace/out/KU365779.fasta

========================[ May 15, 2016  3:35 PM ]========================
Version 2.2.26 [Sep-21-2011]
Started database file "/home/linproject/Workspace/New/workspace/out/KX056898.fasta"
Formatted 1 sequences in volume 0
SUCCESS: formatted database /home/linproject/Workspace/New/workspace/out/KX056898.fasta

========================[ May 15, 2016  3:35 PM ]========================
Version 2.2.26 [Sep-21-2011]
Started database file "/home/linproject/Workspace/New/workspace/out/KU501216.fasta"
Formatted 1 sequences in volume 0
SUCCESS: formatted database /home/linproject/Workspace/New/workspace/out/KU501216.fasta

========================[ May 15, 2016  3:35 PM ]========================
Version 2.2.26 [Sep-21-2011]
Started database file "/home/linproject/Workspace/New/workspace/out/KX056898.fasta"
Formatted 1 sequences in volume 0
SUCCESS: formatted database /home/linproject/Workspace/New/workspace/out/KX056898.fasta

========================[ May 15, 2016  3:35 PM ]========================
Version 2.2.26 [Sep-21-2011]
Started database file "/home/linproject/Workspace/New/workspace/out/KU365780.fasta"
Formatted 1 sequences in volume 0
SUCCESS: formatted database /home/linproject/Workspace/New/workspace/out/KU365780.fasta

========================[ May 15, 2016  3:35 PM ]========================
Version 2.2.26 [Sep-21-2011]
Started database file "/home/linproject/Workspace/New/workspace/out/KU365777.fasta"
Formatted 1 sequences in volume 0
SUCCESS: formatted database /home/linproject/Workspace/New/workspace/out/KU365777.fasta

========================[ May 15, 2016  3:35 PM ]========================
Version 2.2.26 [Sep-21-2011]
Started database file "/home/linproject/Workspace/New/workspace/out/KX056898.fasta"
Formatted 1 sequences in volume 0
SUCCESS: formatted database /home/linproject/Workspace/New/workspace/out/KX056898.fasta

========================[ May 15, 2016  3:35 PM ]========================
Version 2.2.26 [Sep-21-2011]
Started database file "/home/linproject/Workspace/New/workspace/out/KX056898.fasta"

========================[ May 15, 2016  3:35 PM ]========================
Formatted 1 sequences in volume 0
SUCCESS: formatted database /home/linproject/Workspace/New/workspace/out/KX056898.fasta
Version 2.2.26 [Sep-21-2011]
Started database file "/home/linproject/Workspace/New/workspace/out/KU501215.fasta"
Formatted 1 sequences in volume 0
SUCCESS: formatted database /home/linproject/Workspace/New/workspace/out/KU501215.fasta

========================[ May 15, 2016  3:35 PM ]========================
Version 2.2.26 [Sep-21-2011]
Started database file "/home/linproject/Workspace/New/workspace/out/KX056898.fasta"
Formatted 1 sequences in volume 0
SUCCESS: formatted database /home/linproject/Workspace/New/workspace/out/KX056898.fasta

========================[ May 15, 2016  3:35 PM ]========================
Version 2.2.26 [Sep-21-2011]
Started database file "/home/linproject/Workspace/New/workspace/out/KU365778.fasta"
Formatted 1 sequences in volume 0
SUCCESS: formatted database /home/linproject/Workspace/New/workspace/out/KU365778.fasta

========================[ May 15, 2016  3:35 PM ]========================
Version 2.2.26 [Sep-21-2011]
Started database file "/home/linproject/Workspace/New/workspace/out/KX056898.fasta"

========================[ May 15, 2016  3:35 PM ]========================
Version 2.2.26 [Sep-21-2011]
Started database file "/home/linproject/Workspace/New/workspace/out/KJ776791.fasta"
Formatted 1 sequences in volume 0
SUCCESS: formatted database /home/linproject/Workspace/New/workspace/out/KX056898.fasta
Formatted 1 sequences in volume 0
SUCCESS: formatted database /home/linproject/Workspace/New/workspace/out/KJ776791.fasta

========================[ May 15, 2016  3:35 PM ]========================
Version 2.2.26 [Sep-21-2011]
Started database file "/home/linproject/Workspace/New/workspace/out/KU321639.fasta"

========================[ May 15, 2016  3:35 PM ]========================
Version 2.2.26 [Sep-21-2011]
Started database file "/home/linproject/Workspace/New/workspace/out/KX056898.fasta"
Formatted 1 sequences in volume 0
SUCCESS: formatted database /home/linproject/Workspace/New/workspace/out/KU321639.fasta
Formatted 1 sequences in volume 0
SUCCESS: formatted database /home/linproject/Workspace/New/workspace/out/KX056898.fasta

========================[ May 15, 2016  3:35 PM ]========================
Version 2.2.26 [Sep-21-2011]
Started database file "/home/linproject/Workspace/New/workspace/out/KU509998.fasta"

========================[ May 15, 2016  3:35 PM ]========================
Version 2.2.26 [Sep-21-2011]
Started database file "/home/linproject/Workspace/New/workspace/out/KX056898.fasta"
Formatted 1 sequences in volume 0
SUCCESS: formatted database /home/linproject/Workspace/New/workspace/out/KU509998.fasta
Formatted 1 sequences in volume 0
SUCCESS: formatted database /home/linproject/Workspace/New/workspace/out/KX056898.fasta

========================[ May 15, 2016  3:35 PM ]========================

========================[ May 15, 2016  3:35 PM ]========================
Version 2.2.26 [Sep-21-2011]
Started database file "/home/linproject/Workspace/New/workspace/out/KX056898.fasta"
Version 2.2.26 [Sep-21-2011]
Started database file "/home/linproject/Workspace/New/workspace/out/KU647676.fasta"
Formatted 1 sequences in volume 0
SUCCESS: formatted database /home/linproject/Workspace/New/workspace/out/KX056898.fasta
Formatted 1 sequences in volume 0
SUCCESS: formatted database /home/linproject/Workspace/New/workspace/out/KU647676.fasta

========================[ May 15, 2016  3:35 PM ]========================
Version 2.2.26 [Sep-21-2011]
Started database file "/home/linproject/Workspace/New/workspace/out/KX056898.fasta"
Formatted 1 sequences in volume 0

========================[ May 15, 2016  3:35 PM ]========================
SUCCESS: formatted database /home/linproject/Workspace/New/workspace/out/KX056898.fasta
Version 2.2.26 [Sep-21-2011]
Started database file "/home/linproject/Workspace/New/workspace/out/KU729218.fasta"
Formatted 1 sequences in volume 0
SUCCESS: formatted database /home/linproject/Workspace/New/workspace/out/KU729218.fasta

========================[ May 15, 2016  3:35 PM ]========================

========================[ May 15, 2016  3:35 PM ]========================
Version 2.2.26 [Sep-21-2011]
Started database file "/home/linproject/Workspace/New/workspace/out/KX056898.fasta"
Version 2.2.26 [Sep-21-2011]
Started database file "/home/linproject/Workspace/New/workspace/out/KU729217.fasta"
Formatted 1 sequences in volume 0
Formatted 1 sequences in volume 0
SUCCESS: formatted database /home/linproject/Workspace/New/workspace/out/KX056898.fasta
SUCCESS: formatted database /home/linproject/Workspace/New/workspace/out/KU729217.fasta

========================[ May 15, 2016  3:35 PM ]========================
Version 2.2.26 [Sep-21-2011]
Started database file "/home/linproject/Workspace/New/workspace/out/KX056898.fasta"

========================[ May 15, 2016  3:35 PM ]========================
Formatted 1 sequences in volume 0
SUCCESS: formatted database /home/linproject/Workspace/New/workspace/out/KX056898.fasta
Version 2.2.26 [Sep-21-2011]
Started database file "/home/linproject/Workspace/New/workspace/out/KU940228.fasta"
Formatted 1 sequences in volume 0
SUCCESS: formatted database /home/linproject/Workspace/New/workspace/out/KU940228.fasta

========================[ May 15, 2016  3:35 PM ]========================
Version 2.2.26 [Sep-21-2011]
Started database file "/home/linproject/Workspace/New/workspace/out/KX056898.fasta"

========================[ May 15, 2016  3:35 PM ]========================
Formatted 1 sequences in volume 0
Version 2.2.26 [Sep-21-2011]
Started database file "/home/linproject/Workspace/New/workspace/out/KU922960.fasta"
SUCCESS: formatted database /home/linproject/Workspace/New/workspace/out/KX056898.fasta
Formatted 1 sequences in volume 0
SUCCESS: formatted database /home/linproject/Workspace/New/workspace/out/KU922960.fasta

========================[ May 15, 2016  3:35 PM ]========================

========================[ May 15, 2016  3:35 PM ]========================
Version 2.2.26 [Sep-21-2011]
Started database file "/home/linproject/Workspace/New/workspace/out/KU922923.fasta"
Version 2.2.26 [Sep-21-2011]
Started database file "/home/linproject/Workspace/New/workspace/out/KX056898.fasta"
Formatted 1 sequences in volume 0
Formatted 1 sequences in volume 0
SUCCESS: formatted database /home/linproject/Workspace/New/workspace/out/KU922923.fasta
SUCCESS: formatted database /home/linproject/Workspace/New/workspace/out/KX056898.fasta

========================[ May 15, 2016  3:35 PM ]========================

========================[ May 15, 2016  3:35 PM ]========================
Version 2.2.26 [Sep-21-2011]
Started database file "/home/linproject/Workspace/New/workspace/out/KU497555.fasta"
Version 2.2.26 [Sep-21-2011]
Started database file "/home/linproject/Workspace/New/workspace/out/KX056898.fasta"
Formatted 1 sequences in volume 0
SUCCESS: formatted database /home/linproject/Workspace/New/workspace/out/KU497555.fasta
Formatted 1 sequences in volume 0
SUCCESS: formatted database /home/linproject/Workspace/New/workspace/out/KX056898.fasta

========================[ May 15, 2016  3:35 PM ]========================
Version 2.2.26 [Sep-21-2011]
Started database file "/home/linproject/Workspace/New/workspace/out/KU820897.fasta"
Formatted 1 sequences in volume 0
SUCCESS: formatted database /home/linproject/Workspace/New/workspace/out/KU820897.fasta

========================[ May 15, 2016  3:35 PM ]========================
Version 2.2.26 [Sep-21-2011]
Started database file "/home/linproject/Workspace/New/workspace/out/KX056898.fasta"
Formatted 1 sequences in volume 0
SUCCESS: formatted database /home/linproject/Workspace/New/workspace/out/KX056898.fasta

========================[ May 15, 2016  3:35 PM ]========================
Version 2.2.26 [Sep-21-2011]
Started database file "/home/linproject/Workspace/New/workspace/out/KU853012.fasta"

========================[ May 15, 2016  3:35 PM ]========================
Version 2.2.26 [Sep-21-2011]
Started database file "/home/linproject/Workspace/New/workspace/out/KX056898.fasta"
Formatted 1 sequences in volume 0
SUCCESS: formatted database /home/linproject/Workspace/New/workspace/out/KU853012.fasta
Formatted 1 sequences in volume 0
SUCCESS: formatted database /home/linproject/Workspace/New/workspace/out/KX056898.fasta

========================[ May 15, 2016  3:35 PM ]========================

========================[ May 15, 2016  3:35 PM ]========================
Version 2.2.26 [Sep-21-2011]
Started database file "/home/linproject/Workspace/New/workspace/out/KX056898.fasta"
Version 2.2.26 [Sep-21-2011]
Started database file "/home/linproject/Workspace/New/workspace/out/KU853013.fasta"
Formatted 1 sequences in volume 0
Formatted 1 sequences in volume 0
SUCCESS: formatted database /home/linproject/Workspace/New/workspace/out/KX056898.fasta
SUCCESS: formatted database /home/linproject/Workspace/New/workspace/out/KU853013.fasta

========================[ May 15, 2016  3:35 PM ]========================
Version 2.2.26 [Sep-21-2011]
Started database file "/home/linproject/Workspace/New/workspace/out/KU527068.fasta"

========================[ May 15, 2016  3:35 PM ]========================
Formatted 1 sequences in volume 0
SUCCESS: formatted database /home/linproject/Workspace/New/workspace/out/KU527068.fasta
Version 2.2.26 [Sep-21-2011]
Started database file "/home/linproject/Workspace/New/workspace/out/KX056898.fasta"
Formatted 1 sequences in volume 0
SUCCESS: formatted database /home/linproject/Workspace/New/workspace/out/KX056898.fasta

========================[ May 15, 2016  3:35 PM ]========================
Version 2.2.26 [Sep-21-2011]
Started database file "/home/linproject/Workspace/New/workspace/out/KX056898.fasta"
Formatted 1 sequences in volume 0
SUCCESS: formatted database /home/linproject/Workspace/New/workspace/out/KX056898.fasta

========================[ May 15, 2016  3:35 PM ]========================
Version 2.2.26 [Sep-21-2011]
Started database file "/home/linproject/Workspace/New/workspace/out/KU870645.fasta"
Formatted 1 sequences in volume 0
SUCCESS: formatted database /home/linproject/Workspace/New/workspace/out/KU870645.fasta

========================[ May 15, 2016  3:35 PM ]========================

========================[ May 15, 2016  3:35 PM ]========================
Version 2.2.26 [Sep-21-2011]
Started database file "/home/linproject/Workspace/New/workspace/out/KX056898.fasta"
Version 2.2.26 [Sep-21-2011]
Started database file "/home/linproject/Workspace/New/workspace/out/KU955589.fasta"
Formatted 1 sequences in volume 0
SUCCESS: formatted database /home/linproject/Workspace/New/workspace/out/KX056898.fasta
Formatted 1 sequences in volume 0
SUCCESS: formatted database /home/linproject/Workspace/New/workspace/out/KU955589.fasta

========================[ May 15, 2016  3:35 PM ]========================

========================[ May 15, 2016  3:35 PM ]========================
Version 2.2.26 [Sep-21-2011]
Started database file "/home/linproject/Workspace/New/workspace/out/KX056898.fasta"
Version 2.2.26 [Sep-21-2011]
Started database file "/home/linproject/Workspace/New/workspace/out/KX117076.fasta"
Formatted 1 sequences in volume 0
Formatted 1 sequences in volume 0
SUCCESS: formatted database /home/linproject/Workspace/New/workspace/out/KX056898.fasta
SUCCESS: formatted database /home/linproject/Workspace/New/workspace/out/KX117076.fasta

========================[ May 15, 2016  3:35 PM ]========================
Version 2.2.26 [Sep-21-2011]
Started database file "/home/linproject/Workspace/New/workspace/out/KX056898.fasta"
Formatted 1 sequences in volume 0
SUCCESS: formatted database /home/linproject/Workspace/New/workspace/out/KX056898.fasta

========================[ May 15, 2016  3:35 PM ]========================
Version 2.2.26 [Sep-21-2011]
Started database file "/home/linproject/Workspace/New/workspace/out/KU866423.fasta"
Formatted 1 sequences in volume 0
SUCCESS: formatted database /home/linproject/Workspace/New/workspace/out/KU866423.fasta

========================[ May 15, 2016  3:35 PM ]========================
Version 2.2.26 [Sep-21-2011]
Started database file "/home/linproject/Workspace/New/workspace/out/KU820899.fasta"
Formatted 1 sequences in volume 0
SUCCESS: formatted database /home/linproject/Workspace/New/workspace/out/KU820899.fasta

========================[ May 15, 2016  3:35 PM ]========================
Version 2.2.26 [Sep-21-2011]
Started database file "/home/linproject/Workspace/New/workspace/out/KX056898.fasta"
Formatted 1 sequences in volume 0
SUCCESS: formatted database /home/linproject/Workspace/New/workspace/out/KX056898.fasta

========================[ May 15, 2016  3:35 PM ]========================
Version 2.2.26 [Sep-21-2011]
Started database file "/home/linproject/Workspace/New/workspace/out/KX056898.fasta"
Formatted 1 sequences in volume 0
SUCCESS: formatted database /home/linproject/Workspace/New/workspace/out/KX056898.fasta

========================[ May 15, 2016  3:35 PM ]========================
Version 2.2.26 [Sep-21-2011]
Started database file "/home/linproject/Workspace/New/workspace/out/KU744693.fasta"
Formatted 1 sequences in volume 0
SUCCESS: formatted database /home/linproject/Workspace/New/workspace/out/KU744693.fasta

========================[ May 15, 2016  3:35 PM ]========================
Version 2.2.26 [Sep-21-2011]
Started database file "/home/linproject/Workspace/New/workspace/out/KX056898.fasta"

========================[ May 15, 2016  3:35 PM ]========================
Formatted 1 sequences in volume 0
Version 2.2.26 [Sep-21-2011]
Started database file "/home/linproject/Workspace/New/workspace/out/KU681081.fasta"
SUCCESS: formatted database /home/linproject/Workspace/New/workspace/out/KX056898.fasta
Formatted 1 sequences in volume 0
SUCCESS: formatted database /home/linproject/Workspace/New/workspace/out/KU681081.fasta

========================[ May 16, 2016 11:17 AM ]========================
Version 2.2.26 [Sep-21-2011]
Started database file "/home/linproject/Workspace/New/workspace/out/KU720415.fasta"

========================[ May 16, 2016 11:17 AM ]========================
Version 2.2.26 [Sep-21-2011]
Started database file "/home/linproject/Workspace/New/workspace/out/KU955594.fasta"
Formatted 1 sequences in volume 0
SUCCESS: formatted database /home/linproject/Workspace/New/workspace/out/KU720415.fasta
Formatted 1 sequences in volume 0
SUCCESS: formatted database /home/linproject/Workspace/New/workspace/out/KU955594.fasta

========================[ May 16, 2016 11:17 AM ]========================
Version 2.2.26 [Sep-21-2011]
Started database file "/home/linproject/Workspace/New/workspace/out/KU955594.fasta"
Formatted 1 sequences in volume 0
SUCCESS: formatted database /home/linproject/Workspace/New/workspace/out/KU955594.fasta

========================[ May 16, 2016 11:17 AM ]========================
Version 2.2.26 [Sep-21-2011]
Started database file "/home/linproject/Workspace/New/workspace/out/AY632535.fasta"
Formatted 1 sequences in volume 0
SUCCESS: formatted database /home/linproject/Workspace/New/workspace/out/AY632535.fasta

========================[ May 16, 2016 11:17 AM ]========================
Version 2.2.26 [Sep-21-2011]
Started database file "/home/linproject/Workspace/New/workspace/out/HQ234498.fasta"
Formatted 1 sequences in volume 0
SUCCESS: formatted database /home/linproject/Workspace/New/workspace/out/HQ234498.fasta

========================[ May 16, 2016 11:17 AM ]========================
Version 2.2.26 [Sep-21-2011]
Started database file "/home/linproject/Workspace/New/workspace/out/KU955594.fasta"
Formatted 1 sequences in volume 0
SUCCESS: formatted database /home/linproject/Workspace/New/workspace/out/KU955594.fasta

========================[ May 16, 2016 11:17 AM ]========================
Version 2.2.26 [Sep-21-2011]
Started database file "/home/linproject/Workspace/New/workspace/out/KF383119.fasta"

========================[ May 16, 2016 11:17 AM ]========================
Version 2.2.26 [Sep-21-2011]
Started database file "/home/linproject/Workspace/New/workspace/out/KU955594.fasta"
Formatted 1 sequences in volume 0
SUCCESS: formatted database /home/linproject/Workspace/New/workspace/out/KF383119.fasta
Formatted 1 sequences in volume 0
SUCCESS: formatted database /home/linproject/Workspace/New/workspace/out/KU955594.fasta

========================[ May 16, 2016 11:17 AM ]========================
Version 2.2.26 [Sep-21-2011]
Started database file "/home/linproject/Workspace/New/workspace/out/KF383118.fasta"
Formatted 1 sequences in volume 0
SUCCESS: formatted database /home/linproject/Workspace/New/workspace/out/KF383118.fasta

========================[ May 16, 2016 11:17 AM ]========================
Version 2.2.26 [Sep-21-2011]
Started database file "/home/linproject/Workspace/New/workspace/out/KU955594.fasta"
Formatted 1 sequences in volume 0
SUCCESS: formatted database /home/linproject/Workspace/New/workspace/out/KU955594.fasta

========================[ May 17, 2016  1:07 PM ]========================

========================[ May 17, 2016  1:07 PM ]========================
Version 2.2.26 [Sep-21-2011]
Started database file "/home/linproject/Workspace/New/workspace/out/KU955591.fasta"
Version 2.2.26 [Sep-21-2011]
Started database file "/home/linproject/Workspace/New/workspace/out/HQ234501.fasta"
Formatted 1 sequences in volume 0
Formatted 1 sequences in volume 0
SUCCESS: formatted database /home/linproject/Workspace/New/workspace/out/KU955591.fasta
SUCCESS: formatted database /home/linproject/Workspace/New/workspace/out/HQ234501.fasta

========================[ May 17, 2016  1:07 PM ]========================
Version 2.2.26 [Sep-21-2011]
Started database file "/home/linproject/Workspace/New/workspace/out/KF383116.fasta"
Formatted 1 sequences in volume 0
SUCCESS: formatted database /home/linproject/Workspace/New/workspace/out/KF383116.fasta

========================[ May 17, 2016  1:07 PM ]========================
Version 2.2.26 [Sep-21-2011]
Started database file "/home/linproject/Workspace/New/workspace/out/KU955591.fasta"
Formatted 1 sequences in volume 0
SUCCESS: formatted database /home/linproject/Workspace/New/workspace/out/KU955591.fasta

========================[ May 17, 2016  1:07 PM ]========================
Version 2.2.26 [Sep-21-2011]
Started database file "/home/linproject/Workspace/New/workspace/out/KF383117.fasta"
Formatted 1 sequences in volume 0
SUCCESS: formatted database /home/linproject/Workspace/New/workspace/out/KF383117.fasta

========================[ May 17, 2016  1:07 PM ]========================
Version 2.2.26 [Sep-21-2011]
Started database file "/home/linproject/Workspace/New/workspace/out/KU955591.fasta"
Formatted 1 sequences in volume 0
SUCCESS: formatted database /home/linproject/Workspace/New/workspace/out/KU955591.fasta

========================[ May 17, 2016  1:07 PM ]========================
Version 2.2.26 [Sep-21-2011]
Started database file "/home/linproject/Workspace/New/workspace/out/KU955591.fasta"

========================[ May 17, 2016  1:07 PM ]========================
Version 2.2.26 [Sep-21-2011]
Started database file "/home/linproject/Workspace/New/workspace/out/HQ234500.fasta"
Formatted 1 sequences in volume 0
SUCCESS: formatted database /home/linproject/Workspace/New/workspace/out/KU955591.fasta
Formatted 1 sequences in volume 0
SUCCESS: formatted database /home/linproject/Workspace/New/workspace/out/HQ234500.fasta

========================[ May 17, 2016  1:24 PM ]========================
Version 2.2.26 [Sep-21-2011]
Started database file "/home/linproject/Workspace/New/workspace/out/JN860885.fasta"

========================[ May 17, 2016  1:24 PM ]========================
Version 2.2.26 [Sep-21-2011]
Started database file "/home/linproject/Workspace/New/workspace/out/KU955593.fasta"
Formatted 1 sequences in volume 0
SUCCESS: formatted database /home/linproject/Workspace/New/workspace/out/JN860885.fasta
Formatted 1 sequences in volume 0
SUCCESS: formatted database /home/linproject/Workspace/New/workspace/out/KU955593.fasta

========================[ May 17, 2016  1:24 PM ]========================
Version 2.2.26 [Sep-21-2011]
Started database file "/home/linproject/Workspace/New/workspace/out/KJ776791.fasta"
Formatted 1 sequences in volume 0
SUCCESS: formatted database /home/linproject/Workspace/New/workspace/out/KJ776791.fasta

========================[ May 17, 2016  1:24 PM ]========================
Version 2.2.26 [Sep-21-2011]
Started database file "/home/linproject/Workspace/New/workspace/out/KU955593.fasta"
Formatted 1 sequences in volume 0
SUCCESS: formatted database /home/linproject/Workspace/New/workspace/out/KU955593.fasta

========================[ May 17, 2016  1:24 PM ]========================
Version 2.2.26 [Sep-21-2011]
Started database file "/home/linproject/Workspace/New/workspace/out/KU955593.fasta"
Formatted 1 sequences in volume 0
SUCCESS: formatted database /home/linproject/Workspace/New/workspace/out/KU955593.fasta

========================[ May 17, 2016  1:24 PM ]========================
Version 2.2.26 [Sep-21-2011]
Started database file "/home/linproject/Workspace/New/workspace/out/KU681081.fasta"
Formatted 1 sequences in volume 0
SUCCESS: formatted database /home/linproject/Workspace/New/workspace/out/KU681081.fasta

========================[ May 17, 2016  1:24 PM ]========================
Version 2.2.26 [Sep-21-2011]
Started database file "/home/linproject/Workspace/New/workspace/out/KU955593.fasta"
Formatted 1 sequences in volume 0
SUCCESS: formatted database /home/linproject/Workspace/New/workspace/out/KU955593.fasta

========================[ May 17, 2016  1:24 PM ]========================
Version 2.2.26 [Sep-21-2011]
Started database file "/home/linproject/Workspace/New/workspace/out/KU509998.fasta"
Formatted 1 sequences in volume 0
SUCCESS: formatted database /home/linproject/Workspace/New/workspace/out/KU509998.fasta

========================[ May 17, 2016  1:24 PM ]========================

========================[ May 17, 2016  1:24 PM ]========================
Version 2.2.26 [Sep-21-2011]
Started database file "/home/linproject/Workspace/New/workspace/out/KU955593.fasta"
Version 2.2.26 [Sep-21-2011]
Started database file "/home/linproject/Workspace/New/workspace/out/KU820899.fasta"
Formatted 1 sequences in volume 0
SUCCESS: formatted database /home/linproject/Workspace/New/workspace/out/KU955593.fasta
Formatted 1 sequences in volume 0
SUCCESS: formatted database /home/linproject/Workspace/New/workspace/out/KU820899.fasta

========================[ May 17, 2016  1:24 PM ]========================

========================[ May 17, 2016  1:24 PM ]========================
Version 2.2.26 [Sep-21-2011]
Started database file "/home/linproject/Workspace/New/workspace/out/KU729218.fasta"
Version 2.2.26 [Sep-21-2011]
Started database file "/home/linproject/Workspace/New/workspace/out/KU955593.fasta"
Formatted 1 sequences in volume 0
SUCCESS: formatted database /home/linproject/Workspace/New/workspace/out/KU729218.fasta
Formatted 1 sequences in volume 0
SUCCESS: formatted database /home/linproject/Workspace/New/workspace/out/KU955593.fasta

========================[ May 17, 2016  1:24 PM ]========================
Version 2.2.26 [Sep-21-2011]
Started database file "/home/linproject/Workspace/New/workspace/out/KU497555.fasta"

========================[ May 17, 2016  1:24 PM ]========================
Version 2.2.26 [Sep-21-2011]
Started database file "/home/linproject/Workspace/New/workspace/out/KU955593.fasta"
Formatted 1 sequences in volume 0
SUCCESS: formatted database /home/linproject/Workspace/New/workspace/out/KU497555.fasta
Formatted 1 sequences in volume 0
SUCCESS: formatted database /home/linproject/Workspace/New/workspace/out/KU955593.fasta

========================[ May 17, 2016  1:24 PM ]========================
Version 2.2.26 [Sep-21-2011]
Started database file "/home/linproject/Workspace/New/workspace/out/KU955593.fasta"
Formatted 1 sequences in volume 0
SUCCESS: formatted database /home/linproject/Workspace/New/workspace/out/KU955593.fasta

========================[ May 17, 2016  1:24 PM ]========================
Version 2.2.26 [Sep-21-2011]
Started database file "/home/linproject/Workspace/New/workspace/out/KU527068.fasta"
Formatted 1 sequences in volume 0
SUCCESS: formatted database /home/linproject/Workspace/New/workspace/out/KU527068.fasta

========================[ May 17, 2016  1:24 PM ]========================
Version 2.2.26 [Sep-21-2011]
Started database file "/home/linproject/Workspace/New/workspace/out/KU955593.fasta"
Formatted 1 sequences in volume 0
SUCCESS: formatted database /home/linproject/Workspace/New/workspace/out/KU955593.fasta

========================[ May 17, 2016  1:24 PM ]========================
Version 2.2.26 [Sep-21-2011]
Started database file "/home/linproject/Workspace/New/workspace/out/KU321639.fasta"
Formatted 1 sequences in volume 0
SUCCESS: formatted database /home/linproject/Workspace/New/workspace/out/KU321639.fasta

========================[ May 17, 2016  1:24 PM ]========================

========================[ May 17, 2016  1:24 PM ]========================
Version 2.2.26 [Sep-21-2011]
Started database file "/home/linproject/Workspace/New/workspace/out/KU955593.fasta"
Version 2.2.26 [Sep-21-2011]
Started database file "/home/linproject/Workspace/New/workspace/out/KU866423.fasta"
Formatted 1 sequences in volume 0
Formatted 1 sequences in volume 0
SUCCESS: formatted database /home/linproject/Workspace/New/workspace/out/KU866423.fasta
SUCCESS: formatted database /home/linproject/Workspace/New/workspace/out/KU955593.fasta

========================[ May 17, 2016  1:24 PM ]========================
Version 2.2.26 [Sep-21-2011]
Started database file "/home/linproject/Workspace/New/workspace/out/KU955593.fasta"

========================[ May 17, 2016  1:24 PM ]========================
Formatted 1 sequences in volume 0
SUCCESS: formatted database /home/linproject/Workspace/New/workspace/out/KU955593.fasta
Version 2.2.26 [Sep-21-2011]
Started database file "/home/linproject/Workspace/New/workspace/out/KU365779.fasta"
Formatted 1 sequences in volume 0
SUCCESS: formatted database /home/linproject/Workspace/New/workspace/out/KU365779.fasta

========================[ May 17, 2016  1:24 PM ]========================

========================[ May 17, 2016  1:24 PM ]========================
Version 2.2.26 [Sep-21-2011]
Started database file "/home/linproject/Workspace/New/workspace/out/KU365780.fasta"
Version 2.2.26 [Sep-21-2011]
Started database file "/home/linproject/Workspace/New/workspace/out/KU955593.fasta"
Formatted 1 sequences in volume 0
Formatted 1 sequences in volume 0
SUCCESS: formatted database /home/linproject/Workspace/New/workspace/out/KU365780.fasta
SUCCESS: formatted database /home/linproject/Workspace/New/workspace/out/KU955593.fasta

========================[ May 17, 2016  1:24 PM ]========================
Version 2.2.26 [Sep-21-2011]
Started database file "/home/linproject/Workspace/New/workspace/out/KU870645.fasta"
Formatted 1 sequences in volume 0
SUCCESS: formatted database /home/linproject/Workspace/New/workspace/out/KU870645.fasta

========================[ May 17, 2016  1:24 PM ]========================
Version 2.2.26 [Sep-21-2011]
Started database file "/home/linproject/Workspace/New/workspace/out/KU955593.fasta"
Formatted 1 sequences in volume 0
SUCCESS: formatted database /home/linproject/Workspace/New/workspace/out/KU955593.fasta

========================[ May 17, 2016  1:24 PM ]========================
Version 2.2.26 [Sep-21-2011]
Started database file "/home/linproject/Workspace/New/workspace/out/KU707826.fasta"
Formatted 1 sequences in volume 0
SUCCESS: formatted database /home/linproject/Workspace/New/workspace/out/KU707826.fasta

========================[ May 17, 2016  1:24 PM ]========================
Version 2.2.26 [Sep-21-2011]
Started database file "/home/linproject/Workspace/New/workspace/out/KU955593.fasta"
Formatted 1 sequences in volume 0
SUCCESS: formatted database /home/linproject/Workspace/New/workspace/out/KU955593.fasta

========================[ May 17, 2016  1:24 PM ]========================
Version 2.2.26 [Sep-21-2011]
Started database file "/home/linproject/Workspace/New/workspace/out/KU647676.fasta"

========================[ May 17, 2016  1:24 PM ]========================
Version 2.2.26 [Sep-21-2011]
Started database file "/home/linproject/Workspace/New/workspace/out/KU955593.fasta"
Formatted 1 sequences in volume 0
SUCCESS: formatted database /home/linproject/Workspace/New/workspace/out/KU647676.fasta
Formatted 1 sequences in volume 0
SUCCESS: formatted database /home/linproject/Workspace/New/workspace/out/KU955593.fasta

========================[ May 17, 2016  1:24 PM ]========================
Version 2.2.26 [Sep-21-2011]
Started database file "/home/linproject/Workspace/New/workspace/out/KU955593.fasta"
Formatted 1 sequences in volume 0
SUCCESS: formatted database /home/linproject/Workspace/New/workspace/out/KU955593.fasta

========================[ May 17, 2016  1:24 PM ]========================
Version 2.2.26 [Sep-21-2011]
Started database file "/home/linproject/Workspace/New/workspace/out/KU955589.fasta"
Formatted 1 sequences in volume 0
SUCCESS: formatted database /home/linproject/Workspace/New/workspace/out/KU955589.fasta

========================[ May 17, 2016  1:24 PM ]========================
Version 2.2.26 [Sep-21-2011]
Started database file "/home/linproject/Workspace/New/workspace/out/KU940228.fasta"
Formatted 1 sequences in volume 0
SUCCESS: formatted database /home/linproject/Workspace/New/workspace/out/KU940228.fasta

========================[ May 17, 2016  1:24 PM ]========================
Version 2.2.26 [Sep-21-2011]
Started database file "/home/linproject/Workspace/New/workspace/out/KU955593.fasta"
Formatted 1 sequences in volume 0
SUCCESS: formatted database /home/linproject/Workspace/New/workspace/out/KU955593.fasta

========================[ May 17, 2016  1:24 PM ]========================

========================[ May 17, 2016  1:24 PM ]========================
Version 2.2.26 [Sep-21-2011]
Started database file "/home/linproject/Workspace/New/workspace/out/KU955593.fasta"
Version 2.2.26 [Sep-21-2011]
Started database file "/home/linproject/Workspace/New/workspace/out/KU365777.fasta"
Formatted 1 sequences in volume 0
Formatted 1 sequences in volume 0
SUCCESS: formatted database /home/linproject/Workspace/New/workspace/out/KU955593.fasta
SUCCESS: formatted database /home/linproject/Workspace/New/workspace/out/KU365777.fasta

========================[ May 17, 2016  1:24 PM ]========================
Version 2.2.26 [Sep-21-2011]
Started database file "/home/linproject/Workspace/New/workspace/out/KU501215.fasta"
Formatted 1 sequences in volume 0
SUCCESS: formatted database /home/linproject/Workspace/New/workspace/out/KU501215.fasta

========================[ May 17, 2016  1:24 PM ]========================
Version 2.2.26 [Sep-21-2011]
Started database file "/home/linproject/Workspace/New/workspace/out/KU955593.fasta"
Formatted 1 sequences in volume 0
SUCCESS: formatted database /home/linproject/Workspace/New/workspace/out/KU955593.fasta

========================[ May 17, 2016  1:24 PM ]========================
Version 2.2.26 [Sep-21-2011]
Started database file "/home/linproject/Workspace/New/workspace/out/KU955593.fasta"
Formatted 1 sequences in volume 0
SUCCESS: formatted database /home/linproject/Workspace/New/workspace/out/KU955593.fasta

========================[ May 17, 2016  1:24 PM ]========================
Version 2.2.26 [Sep-21-2011]
Started database file "/home/linproject/Workspace/New/workspace/out/KU729217.fasta"
Formatted 1 sequences in volume 0
SUCCESS: formatted database /home/linproject/Workspace/New/workspace/out/KU729217.fasta

========================[ May 17, 2016  1:24 PM ]========================
Version 2.2.26 [Sep-21-2011]
Started database file "/home/linproject/Workspace/New/workspace/out/KU955593.fasta"
Formatted 1 sequences in volume 0
SUCCESS: formatted database /home/linproject/Workspace/New/workspace/out/KU955593.fasta

========================[ May 17, 2016  1:24 PM ]========================
Version 2.2.26 [Sep-21-2011]
Started database file "/home/linproject/Workspace/New/workspace/out/KU365778.fasta"
Formatted 1 sequences in volume 0
SUCCESS: formatted database /home/linproject/Workspace/New/workspace/out/KU365778.fasta

========================[ May 17, 2016  1:24 PM ]========================
Version 2.2.26 [Sep-21-2011]
Started database file "/home/linproject/Workspace/New/workspace/out/KU922960.fasta"
Formatted 1 sequences in volume 0
SUCCESS: formatted database /home/linproject/Workspace/New/workspace/out/KU922960.fasta

========================[ May 17, 2016  1:24 PM ]========================
Version 2.2.26 [Sep-21-2011]
Started database file "/home/linproject/Workspace/New/workspace/out/KU955593.fasta"
Formatted 1 sequences in volume 0
SUCCESS: formatted database /home/linproject/Workspace/New/workspace/out/KU955593.fasta

========================[ May 17, 2016  1:24 PM ]========================

========================[ May 17, 2016  1:24 PM ]========================
Version 2.2.26 [Sep-21-2011]
Started database file "/home/linproject/Workspace/New/workspace/out/KU922923.fasta"
Version 2.2.26 [Sep-21-2011]
Started database file "/home/linproject/Workspace/New/workspace/out/KU955593.fasta"
Formatted 1 sequences in volume 0
Formatted 1 sequences in volume 0
SUCCESS: formatted database /home/linproject/Workspace/New/workspace/out/KU922923.fasta
SUCCESS: formatted database /home/linproject/Workspace/New/workspace/out/KU955593.fasta

========================[ May 17, 2016  1:24 PM ]========================
Version 2.2.26 [Sep-21-2011]
Started database file "/home/linproject/Workspace/New/workspace/out/KU820897.fasta"
Formatted 1 sequences in volume 0
SUCCESS: formatted database /home/linproject/Workspace/New/workspace/out/KU820897.fasta

========================[ May 17, 2016  1:24 PM ]========================
Version 2.2.26 [Sep-21-2011]
Started database file "/home/linproject/Workspace/New/workspace/out/KU955593.fasta"
Formatted 1 sequences in volume 0
SUCCESS: formatted database /home/linproject/Workspace/New/workspace/out/KU955593.fasta

========================[ May 17, 2016  1:24 PM ]========================
Version 2.2.26 [Sep-21-2011]
Started database file "/home/linproject/Workspace/New/workspace/out/KU853012.fasta"
Formatted 1 sequences in volume 0
SUCCESS: formatted database /home/linproject/Workspace/New/workspace/out/KU853012.fasta

========================[ May 17, 2016  1:24 PM ]========================
Version 2.2.26 [Sep-21-2011]
Started database file "/home/linproject/Workspace/New/workspace/out/KU955593.fasta"
Formatted 1 sequences in volume 0
SUCCESS: formatted database /home/linproject/Workspace/New/workspace/out/KU955593.fasta

========================[ May 17, 2016  1:24 PM ]========================

========================[ May 17, 2016  1:24 PM ]========================
Version 2.2.26 [Sep-21-2011]
Started database file "/home/linproject/Workspace/New/workspace/out/KU853013.fasta"
Version 2.2.26 [Sep-21-2011]
Started database file "/home/linproject/Workspace/New/workspace/out/KU955593.fasta"
Formatted 1 sequences in volume 0
Formatted 1 sequences in volume 0
SUCCESS: formatted database /home/linproject/Workspace/New/workspace/out/KU853013.fasta
SUCCESS: formatted database /home/linproject/Workspace/New/workspace/out/KU955593.fasta

========================[ May 17, 2016  1:24 PM ]========================
Version 2.2.26 [Sep-21-2011]
Started database file "/home/linproject/Workspace/New/workspace/out/KU955593.fasta"
Formatted 1 sequences in volume 0
SUCCESS: formatted database /home/linproject/Workspace/New/workspace/out/KU955593.fasta

========================[ May 17, 2016  1:24 PM ]========================
Version 2.2.26 [Sep-21-2011]
Started database file "/home/linproject/Workspace/New/workspace/out/EU545988.fasta"
Formatted 1 sequences in volume 0
SUCCESS: formatted database /home/linproject/Workspace/New/workspace/out/EU545988.fasta

========================[ May 17, 2016  1:24 PM ]========================
Version 2.2.26 [Sep-21-2011]
Started database file "/home/linproject/Workspace/New/workspace/out/KU955593.fasta"
Formatted 1 sequences in volume 0
SUCCESS: formatted database /home/linproject/Workspace/New/workspace/out/KU955593.fasta

========================[ May 17, 2016  1:24 PM ]========================
Version 2.2.26 [Sep-21-2011]
Started database file "/home/linproject/Workspace/New/workspace/out/KU955590.fasta"
Formatted 1 sequences in volume 0
SUCCESS: formatted database /home/linproject/Workspace/New/workspace/out/KU955590.fasta

========================[ May 17, 2016  1:24 PM ]========================
Version 2.2.26 [Sep-21-2011]
Started database file "/home/linproject/Workspace/New/workspace/out/KU955593.fasta"
Formatted 1 sequences in volume 0
SUCCESS: formatted database /home/linproject/Workspace/New/workspace/out/KU955593.fasta

========================[ May 17, 2016  1:24 PM ]========================
Version 2.2.26 [Sep-21-2011]
Started database file "/home/linproject/Workspace/New/workspace/out/KU501217.fasta"
Formatted 1 sequences in volume 0
SUCCESS: formatted database /home/linproject/Workspace/New/workspace/out/KU501217.fasta

========================[ May 17, 2016  1:24 PM ]========================

========================[ May 17, 2016  1:24 PM ]========================
Version 2.2.26 [Sep-21-2011]
Started database file "/home/linproject/Workspace/New/workspace/out/KU955593.fasta"
Version 2.2.26 [Sep-21-2011]
Started database file "/home/linproject/Workspace/New/workspace/out/KU501216.fasta"
Formatted 1 sequences in volume 0
Formatted 1 sequences in volume 0
SUCCESS: formatted database /home/linproject/Workspace/New/workspace/out/KU501216.fasta
SUCCESS: formatted database /home/linproject/Workspace/New/workspace/out/KU955593.fasta

========================[ May 17, 2016  1:24 PM ]========================
Version 2.2.26 [Sep-21-2011]
Started database file "/home/linproject/Workspace/New/workspace/out/KU955593.fasta"
Formatted 1 sequences in volume 0
SUCCESS: formatted database /home/linproject/Workspace/New/workspace/out/KU955593.fasta

========================[ May 17, 2016  1:24 PM ]========================
Version 2.2.26 [Sep-21-2011]
Started database file "/home/linproject/Workspace/New/workspace/out/KU312312.fasta"
Formatted 1 sequences in volume 0
SUCCESS: formatted database /home/linproject/Workspace/New/workspace/out/KU312312.fasta

========================[ May 17, 2016  1:24 PM ]========================
Version 2.2.26 [Sep-21-2011]
Started database file "/home/linproject/Workspace/New/workspace/out/KU740184.fasta"

========================[ May 17, 2016  1:24 PM ]========================
Version 2.2.26 [Sep-21-2011]
Started database file "/home/linproject/Workspace/New/workspace/out/KU955593.fasta"
Formatted 1 sequences in volume 0
SUCCESS: formatted database /home/linproject/Workspace/New/workspace/out/KU740184.fasta
Formatted 1 sequences in volume 0
SUCCESS: formatted database /home/linproject/Workspace/New/workspace/out/KU955593.fasta

========================[ May 17, 2016  1:24 PM ]========================

========================[ May 17, 2016  1:24 PM ]========================
Version 2.2.26 [Sep-21-2011]
Started database file "/home/linproject/Workspace/New/workspace/out/KU955593.fasta"
Version 2.2.26 [Sep-21-2011]
Started database file "/home/linproject/Workspace/New/workspace/out/KU681082.fasta"
Formatted 1 sequences in volume 0
Formatted 1 sequences in volume 0
SUCCESS: formatted database /home/linproject/Workspace/New/workspace/out/KU955593.fasta
SUCCESS: formatted database /home/linproject/Workspace/New/workspace/out/KU681082.fasta

========================[ May 17, 2016  1:24 PM ]========================
Version 2.2.26 [Sep-21-2011]
Started database file "/home/linproject/Workspace/New/workspace/out/KU761564.fasta"
Formatted 1 sequences in volume 0
SUCCESS: formatted database /home/linproject/Workspace/New/workspace/out/KU761564.fasta

========================[ May 17, 2016  1:24 PM ]========================
Version 2.2.26 [Sep-21-2011]
Started database file "/home/linproject/Workspace/New/workspace/out/KU955593.fasta"
Formatted 1 sequences in volume 0
SUCCESS: formatted database /home/linproject/Workspace/New/workspace/out/KU955593.fasta

========================[ May 17, 2016  1:24 PM ]========================
Version 2.2.26 [Sep-21-2011]
Started database file "/home/linproject/Workspace/New/workspace/out/KU744693.fasta"
Formatted 1 sequences in volume 0
SUCCESS: formatted database /home/linproject/Workspace/New/workspace/out/KU744693.fasta

========================[ May 17, 2016  1:24 PM ]========================
Version 2.2.26 [Sep-21-2011]
Started database file "/home/linproject/Workspace/New/workspace/out/KU955593.fasta"
Formatted 1 sequences in volume 0
SUCCESS: formatted database /home/linproject/Workspace/New/workspace/out/KU955593.fasta

========================[ May 17, 2016  1:24 PM ]========================
Version 2.2.26 [Sep-21-2011]
Started database file "/home/linproject/Workspace/New/workspace/out/KU955593.fasta"

========================[ May 17, 2016  1:24 PM ]========================
Formatted 1 sequences in volume 0
SUCCESS: formatted database /home/linproject/Workspace/New/workspace/out/KU955593.fasta
Version 2.2.26 [Sep-21-2011]
Started database file "/home/linproject/Workspace/New/workspace/out/KU820898.fasta"
Formatted 1 sequences in volume 0
SUCCESS: formatted database /home/linproject/Workspace/New/workspace/out/KU820898.fasta

========================[ May 17, 2016  1:28 PM ]========================
Version 2.2.26 [Sep-21-2011]
Started database file "/home/linproject/Workspace/New/workspace/out/KU955594.fasta"
Formatted 1 sequences in volume 0
SUCCESS: formatted database /home/linproject/Workspace/New/workspace/out/KU955594.fasta

========================[ May 17, 2016  1:28 PM ]========================
Version 2.2.26 [Sep-21-2011]
Started database file "/home/linproject/Workspace/New/workspace/out/KU720415.fasta"
Formatted 1 sequences in volume 0
SUCCESS: formatted database /home/linproject/Workspace/New/workspace/out/KU720415.fasta

========================[ May 17, 2016  1:28 PM ]========================

========================[ May 17, 2016  1:28 PM ]========================
Version 2.2.26 [Sep-21-2011]
Started database file "/home/linproject/Workspace/New/workspace/out/KU955594.fasta"
Version 2.2.26 [Sep-21-2011]
Started database file "/home/linproject/Workspace/New/workspace/out/AY632535.fasta"
Formatted 1 sequences in volume 0
Formatted 1 sequences in volume 0
SUCCESS: formatted database /home/linproject/Workspace/New/workspace/out/KU955594.fasta
SUCCESS: formatted database /home/linproject/Workspace/New/workspace/out/AY632535.fasta

========================[ May 17, 2016  1:28 PM ]========================
Version 2.2.26 [Sep-21-2011]
Started database file "/home/linproject/Workspace/New/workspace/out/KU955594.fasta"
Formatted 1 sequences in volume 0
SUCCESS: formatted database /home/linproject/Workspace/New/workspace/out/KU955594.fasta

========================[ May 17, 2016  1:28 PM ]========================
Version 2.2.26 [Sep-21-2011]
Started database file "/home/linproject/Workspace/New/workspace/out/HQ234498.fasta"
Formatted 1 sequences in volume 0
SUCCESS: formatted database /home/linproject/Workspace/New/workspace/out/HQ234498.fasta

========================[ May 17, 2016  1:28 PM ]========================

========================[ May 17, 2016  1:28 PM ]========================
Version 2.2.26 [Sep-21-2011]
Started database file "/home/linproject/Workspace/New/workspace/out/KF383119.fasta"
Version 2.2.26 [Sep-21-2011]
Started database file "/home/linproject/Workspace/New/workspace/out/KU955594.fasta"
Formatted 1 sequences in volume 0
Formatted 1 sequences in volume 0
SUCCESS: formatted database /home/linproject/Workspace/New/workspace/out/KF383119.fasta
SUCCESS: formatted database /home/linproject/Workspace/New/workspace/out/KU955594.fasta

========================[ May 17, 2016  1:28 PM ]========================

========================[ May 17, 2016  1:28 PM ]========================
Version 2.2.26 [Sep-21-2011]
Started database file "/home/linproject/Workspace/New/workspace/out/KU955594.fasta"
Version 2.2.26 [Sep-21-2011]
Started database file "/home/linproject/Workspace/New/workspace/out/KF383118.fasta"
Formatted 1 sequences in volume 0
SUCCESS: formatted database /home/linproject/Workspace/New/workspace/out/KU955594.fasta
Formatted 1 sequences in volume 0
SUCCESS: formatted database /home/linproject/Workspace/New/workspace/out/KF383118.fasta

========================[ May 17, 2016  2:06 PM ]========================
Version 2.2.26 [Sep-21-2011]
Started database file "/home/linproject/Workspace/New/workspace/out/KU963573.fasta"
Formatted 1 sequences in volume 0
SUCCESS: formatted database /home/linproject/Workspace/New/workspace/out/KU963573.fasta

========================[ May 17, 2016  2:06 PM ]========================
Version 2.2.26 [Sep-21-2011]
Started database file "/home/linproject/Workspace/New/workspace/out/KU955594.fasta"
Formatted 1 sequences in volume 0
SUCCESS: formatted database /home/linproject/Workspace/New/workspace/out/KU955594.fasta

========================[ May 17, 2016  2:06 PM ]========================
Version 2.2.26 [Sep-21-2011]
Started database file "/home/linproject/Workspace/New/workspace/out/KU720415.fasta"

========================[ May 17, 2016  2:06 PM ]========================
Formatted 1 sequences in volume 0
SUCCESS: formatted database /home/linproject/Workspace/New/workspace/out/KU720415.fasta
Version 2.2.26 [Sep-21-2011]
Started database file "/home/linproject/Workspace/New/workspace/out/KU963573.fasta"
Formatted 1 sequences in volume 0
SUCCESS: formatted database /home/linproject/Workspace/New/workspace/out/KU963573.fasta

========================[ May 17, 2016  2:06 PM ]========================
Version 2.2.26 [Sep-21-2011]
Started database file "/home/linproject/Workspace/New/workspace/out/KU963573.fasta"
Formatted 1 sequences in volume 0
SUCCESS: formatted database /home/linproject/Workspace/New/workspace/out/KU963573.fasta

========================[ May 17, 2016  2:06 PM ]========================
Version 2.2.26 [Sep-21-2011]
Started database file "/home/linproject/Workspace/New/workspace/out/AY632535.fasta"
Formatted 1 sequences in volume 0
SUCCESS: formatted database /home/linproject/Workspace/New/workspace/out/AY632535.fasta

========================[ May 17, 2016  2:06 PM ]========================

========================[ May 17, 2016  2:06 PM ]========================
Version 2.2.26 [Sep-21-2011]
Started database file "/home/linproject/Workspace/New/workspace/out/HQ234498.fasta"
Version 2.2.26 [Sep-21-2011]
Started database file "/home/linproject/Workspace/New/workspace/out/KU963573.fasta"
Formatted 1 sequences in volume 0
Formatted 1 sequences in volume 0
SUCCESS: formatted database /home/linproject/Workspace/New/workspace/out/HQ234498.fasta
SUCCESS: formatted database /home/linproject/Workspace/New/workspace/out/KU963573.fasta

========================[ May 17, 2016  2:06 PM ]========================
Version 2.2.26 [Sep-21-2011]
Started database file "/home/linproject/Workspace/New/workspace/out/KU963573.fasta"
Formatted 1 sequences in volume 0
SUCCESS: formatted database /home/linproject/Workspace/New/workspace/out/KU963573.fasta

========================[ May 17, 2016  2:06 PM ]========================
Version 2.2.26 [Sep-21-2011]
Started database file "/home/linproject/Workspace/New/workspace/out/KF383119.fasta"
Formatted 1 sequences in volume 0
SUCCESS: formatted database /home/linproject/Workspace/New/workspace/out/KF383119.fasta

========================[ May 17, 2016  2:06 PM ]========================

========================[ May 17, 2016  2:06 PM ]========================
Version 2.2.26 [Sep-21-2011]
Started database file "/home/linproject/Workspace/New/workspace/out/KF383118.fasta"
Version 2.2.26 [Sep-21-2011]
Started database file "/home/linproject/Workspace/New/workspace/out/KU963573.fasta"
Formatted 1 sequences in volume 0
SUCCESS: formatted database /home/linproject/Workspace/New/workspace/out/KF383118.fasta
Formatted 1 sequences in volume 0
SUCCESS: formatted database /home/linproject/Workspace/New/workspace/out/KU963573.fasta
